<?xml version="1.0" encoding="UTF-8"?>
<testng-results ignored="0" total="1" passed="1" failed="0" skipped="0">
  <reporter-output>
  </reporter-output>
  <suite started-at="2020-11-05T16:41:01 IST" name="Default suite" finished-at="2020-11-05T16:41:36 IST" duration-ms="35700">
    <groups>
    </groups>
    <test started-at="2020-11-05T16:41:01 IST" name="Default test" finished-at="2020-11-05T16:41:36 IST" duration-ms="35700">
      <class name="com.qa.testcases.TestHomePage">
        <test-method is-config="true" signature="setUp()[pri:0, instance:com.qa.testcases.TestHomePage@2bfc268b]" started-at="2020-11-05T16:41:01 IST" name="setUp" finished-at="2020-11-05T16:41:21 IST" duration-ms="20130" status="PASS">
          <reporter-output>
          </reporter-output>
        </test-method> <!-- setUp -->
        <test-method signature="verifyhooverOnWebAndClickOnCsharp()[pri:0, instance:com.qa.testcases.TestHomePage@2bfc268b]" started-at="2020-11-05T16:41:21 IST" name="verifyhooverOnWebAndClickOnCsharp" finished-at="2020-11-05T16:41:36 IST" duration-ms="15376" status="PASS">
          <reporter-output>
          </reporter-output>
        </test-method> <!-- verifyhooverOnWebAndClickOnCsharp -->
      </class> <!-- com.qa.testcases.TestHomePage -->
    </test> <!-- Default test -->
  </suite> <!-- Default suite -->
</testng-results>
